[debug] [2022-12-27T04:27:05.277Z] ----------------------------------------------------------------------
[debug] [2022-12-27T04:27:05.281Z] Command:       /usr/bin/node /usr/bin/firebase init
[debug] [2022-12-27T04:27:05.283Z] CLI Version:   11.19.0
[debug] [2022-12-27T04:27:05.290Z] Platform:      linux
[debug] [2022-12-27T04:27:05.290Z] Node Version:  v16.15.0
[debug] [2022-12-27T04:27:05.291Z] Time:          Tue Dec 27 2022 09:57:05 GMT+0530 (India Standard Time)
[debug] [2022-12-27T04:27:05.291Z] ----------------------------------------------------------------------
[debug] 
[debug] [2022-12-27T04:27:05.304Z] > command requires scopes: ["email","openid","https://www.googleapis.com/auth/cloudplatformprojects.readonly","https://www.googleapis.com/auth/firebase","https://www.googleapis.com/auth/cloud-platform"]
[debug] [2022-12-27T04:27:05.305Z] > authorizing via signed-in user (depanshuiit2017@gmail.com)
[info] 
     ######## #### ########  ######## ########     ###     ######  ########
     ##        ##  ##     ## ##       ##     ##  ##   ##  ##       ##
     ######    ##  ########  ######   ########  #########  ######  ######
     ##        ##  ##    ##  ##       ##     ## ##     ##       ## ##
     ##       #### ##     ## ######## ########  ##     ##  ######  ########

You're about to initialize a Firebase project in this directory:

  /home/depanshu/Desktop/Airbnb-clone2

[info] 
=== Project Setup
[info] 
[info] First, let's associate this project directory with a Firebase project.
[info] You can create multiple project aliases by running firebase use --add, 
[info] but for now we'll just set up a default project.
[info] 
[debug] [2022-12-27T04:27:56.910Z] >>> [apiv2][query] GET https://firebase.googleapis.com/v1beta1/projects pageSize=100
[debug] [2022-12-27T04:27:57.791Z] <<< [apiv2][status] GET https://firebase.googleapis.com/v1beta1/projects 200
[debug] [2022-12-27T04:27:57.791Z] <<< [apiv2][body] GET https://firebase.googleapis.com/v1beta1/projects [omitted]
[info] i  Using project airbnb-clone-dcdb7 (Airbnb-clone) 
[info] 
=== Hosting Setup
[info] 
[info] Your public directory is the folder (relative to your project directory) that
[info] will contain Hosting assets to be uploaded with firebase deploy. If you
[info] have a build process for your assets, use your build's output directory.
[info] 
[debug] [2022-12-27T04:29:29.466Z] >>> [apiv2][query] GET https://www.gstatic.com/firebasejs/releases.json [none]
[debug] [2022-12-27T04:29:29.736Z] <<< [apiv2][status] GET https://www.gstatic.com/firebasejs/releases.json 200
[debug] [2022-12-27T04:29:29.737Z] <<< [apiv2][body] GET https://www.gstatic.com/firebasejs/releases.json {"current":{"version":"9.15.0","browserURL":"https://www.gstatic.com/firebasejs/9.15.0/firebase.js","packageURL":"https://www.gstatic.com/firebasejs/9.15.0/firebase.tgz"},"live":{"version":"9.15","browserURL":"https://www.gstatic.com/firebasejs/live/9.15/firebase.js","packageURL":"https://www.gstatic.com/firebasejs/live/9.15/firebase.tgz"},"components":{"analytics":"https://www.gstatic.com/firebasejs/9.15.0/firebase-analytics.js","app":"https://www.gstatic.com/firebasejs/9.15.0/firebase-app.js","app-check":"https://www.gstatic.com/firebasejs/9.15.0/firebase-app-check.js","auth":"https://www.gstatic.com/firebasejs/9.15.0/firebase-auth.js","auth/cordova":"https://www.gstatic.com/firebasejs/9.15.0/firebase-auth/cordova.js","auth/react-native":"https://www.gstatic.com/firebasejs/9.15.0/firebase-auth/react-native.js","functions":"https://www.gstatic.com/firebasejs/9.15.0/firebase-functions.js","firestore":"https://www.gstatic.com/firebasejs/9.15.0/firebase-firestore.js","firestore/lite":"https://www.gstatic.com/firebasejs/9.15.0/firebase-firestore/lite.js","installations":"https://www.gstatic.com/firebasejs/9.15.0/firebase-installations.js","storage":"https://www.gstatic.com/firebasejs/9.15.0/firebase-storage.js","performance":"https://www.gstatic.com/firebasejs/9.15.0/firebase-performance.js","remote-config":"https://www.gstatic.com/firebasejs/9.15.0/firebase-remote-config.js","messaging":"https://www.gstatic.com/firebasejs/9.15.0/firebase-messaging.js","messaging/sw":"https://www.gstatic.com/firebasejs/9.15.0/firebase-messaging/sw.js","database":"https://www.gstatic.com/firebasejs/9.15.0/firebase-database.js","firestore.memory":"https://www.gstatic.com/firebasejs/9.15.0/firebase-firestore.memory.js"}}
[info] ✔  Wrote build/index.html 
[info] 
[info] i  Didn't detect a .git folder. Assuming /home/depanshu/Desktop/Airbnb-clone2 is the project root. 
[info] i  Authorizing with GitHub to upload your service account to a GitHub repository's secrets store. 
[info] 
[info] Visit this URL on this device to log in:
[info] https://github.com/login/oauth/authorize?client_id=89cf50f02ac6aaed3484&state=382417941&redirect_uri=http%3A%2F%2Flocalhost%3A9005&scope=read%3Auser%20repo%20public_repo
[info] 
[info] Waiting for authentication...
[debug] [2022-12-27T04:30:43.814Z] >>> [apiv2][query] POST https://github.com/login/oauth/access_token [none]
[debug] [2022-12-27T04:30:43.815Z] >>> [apiv2][body] POST https://github.com/login/oauth/access_token [stream]
[debug] [2022-12-27T04:30:44.553Z] <<< [apiv2][status] POST https://github.com/login/oauth/access_token 200
[debug] [2022-12-27T04:30:44.553Z] <<< [apiv2][body] POST https://github.com/login/oauth/access_token {"access_token":"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","token_type":"bearer","scope":"read:user,repo"}
[debug] [2022-12-27T04:30:44.569Z] >>> [apiv2][query] GET https://api.github.com/user [none]
[debug] [2022-12-27T04:30:45.170Z] <<< [apiv2][status] GET https://api.github.com/user 200
[debug] [2022-12-27T04:30:45.171Z] <<< [apiv2][body] GET https://api.github.com/user {"login":"includesid","id":39824218,"node_id":"MDQ6VXNlcjM5ODI0MjE4","avatar_url":"https://avatars.githubusercontent.com/u/39824218?v=4","gravatar_id":"","url":"https://api.github.com/users/includesid","html_url":"https://github.com/includesid","followers_url":"https://api.github.com/users/includesid/followers","following_url":"https://api.github.com/users/includesid/following{/other_user}","gists_url":"https://api.github.com/users/includesid/gists{/gist_id}","starred_url":"https://api.github.com/users/includesid/starred{/owner}{/repo}","subscriptions_url":"https://api.github.com/users/includesid/subscriptions","organizations_url":"https://api.github.com/users/includesid/orgs","repos_url":"https://api.github.com/users/includesid/repos","events_url":"https://api.github.com/users/includesid/events{/privacy}","received_events_url":"https://api.github.com/users/includesid/received_events","type":"User","site_admin":false,"name":"Depanshu singh","company":null,"blog":"","location":null,"email":null,"hireable":null,"bio":null,"twitter_username":null,"public_repos":13,"public_gists":0,"followers":0,"following":0,"created_at":"2018-06-01T08:10:20Z","updated_at":"2022-12-27T04:30:34Z","private_gists":0,"total_private_repos":1,"owned_private_repos":1,"disk_usage":2938,"collaborators":0,"two_factor_authentication":false,"plan":{"name":"free","space":976562499,"collaborators":0,"private_repos":10000}}
[info] 
[info] ✔  Success! Logged into GitHub as includesid 
[info] 
